<?xml version="1.0" encoding="UTF-8"?>
<!-- Generated by org.testng.reporters.JUnitXMLReporter -->
<testsuite ignored="0" hostname="DESKTOP-JECC7QJ" failures="2" tests="2" name="grp.xml" time="0.297" errors="0" timestamp="13 Jan 2020 22:11:26 GMT">
  <testcase classname="Mavensample.proj.facebookTestCase" name="Login" time="0.219">
    <failure type="java.lang.IllegalStateException" message="The driver executable does not exist: C:\Users\Vihaan\Desktop\drivers\chromedriver_win32(1)\chromedriver.exe">
      <![CDATA[java.lang.IllegalStateException: The driver executable does not exist: C:\Users\Vihaan\Desktop\drivers\chromedriver_win32(1)\chromedriver.exe
at com.google.common.base.Preconditions.checkState(Preconditions.java:585)
at org.openqa.selenium.remote.service.DriverService.checkExecutable(DriverService.java:146)
at org.openqa.selenium.remote.service.DriverService.findExecutable(DriverService.java:141)
at org.openqa.selenium.chrome.ChromeDriverService.access$000(ChromeDriverService.java:35)
at org.openqa.selenium.chrome.ChromeDriverService$Builder.findDefaultExecutable(ChromeDriverService.java:159)
at org.openqa.selenium.remote.service.DriverService$Builder.build(DriverService.java:355)
at org.openqa.selenium.chrome.ChromeDriverService.createDefaultService(ChromeDriverService.java:94)
at org.openqa.selenium.chrome.ChromeDriver.<init>(ChromeDriver.java:123)
at Mavensample.proj.facebookTestCase.Login(facebookTestCase.java:16)
... Removed 25 stack frames]]>
    </failure>
  </testcase> <!-- Login -->
  <testcase classname="Mavensample.proj.googleTestCase" name="google" time="0.031">
    <failure type="java.lang.IllegalStateException" message="The driver executable does not exist: C:\Users\Vihaan\Desktop\drivers\chromedriver_win32(1)\chromedriver.exe">
      <![CDATA[java.lang.IllegalStateException: The driver executable does not exist: C:\Users\Vihaan\Desktop\drivers\chromedriver_win32(1)\chromedriver.exe
at com.google.common.base.Preconditions.checkState(Preconditions.java:585)
at org.openqa.selenium.remote.service.DriverService.checkExecutable(DriverService.java:146)
at org.openqa.selenium.remote.service.DriverService.findExecutable(DriverService.java:141)
at org.openqa.selenium.chrome.ChromeDriverService.access$000(ChromeDriverService.java:35)
at org.openqa.selenium.chrome.ChromeDriverService$Builder.findDefaultExecutable(ChromeDriverService.java:159)
at org.openqa.selenium.remote.service.DriverService$Builder.build(DriverService.java:355)
at org.openqa.selenium.chrome.ChromeDriverService.createDefaultService(ChromeDriverService.java:94)
at org.openqa.selenium.chrome.ChromeDriver.<init>(ChromeDriver.java:123)
at Mavensample.proj.googleTestCase.google(googleTestCase.java:15)
... Removed 25 stack frames]]>
    </failure>
  </testcase> <!-- google -->
</testsuite> <!-- grp.xml -->
